2024-12-12 18:46:54,152 - INFO - Starting PCR prediction pipeline in best_train_model mode
2024-12-12 18:46:54,154 - INFO - Loading training data...
2024-12-12 18:46:54,166 - WARNING - Validation Warning: Low sample count for class 999: 5
2024-12-12 18:46:54,166 - INFO - 
Starting data preprocessing...
2024-12-12 18:46:54,439 - INFO - 
Splitting data...
2024-12-12 18:46:54,442 - INFO - 
Starting model training in best_train_model mode...
2024-12-12 18:46:54,442 - INFO - 
Training best model: logistic_regression
2024-12-12 18:46:54,442 - INFO - 
Testing parameter grid 1 of 5
2024-12-12 18:46:59,695 - INFO - Grid 1 best score: 0.6845
2024-12-12 18:46:59,695 - INFO - 
Testing parameter grid 2 of 5
2024-12-12 18:47:00,715 - INFO - Grid 2 best score: 0.6631
2024-12-12 18:47:00,715 - INFO - 
Testing parameter grid 3 of 5
2024-12-12 18:47:00,797 - INFO - Grid 3 best score: 0.6845
2024-12-12 18:47:00,797 - INFO - 
Testing parameter grid 4 of 5
2024-12-12 18:47:00,855 - INFO - Grid 4 best score: 0.6640
2024-12-12 18:47:00,855 - INFO - 
Testing parameter grid 5 of 5
2024-12-12 18:47:00,903 - INFO - Grid 5 best score: 0.6793
2024-12-12 18:47:00,917 - INFO - Best model saved to trained_models\logistic_regression.joblib
2024-12-12 18:47:00,918 - INFO - Results saved to results\best_model_results\results.joblib
2024-12-12 18:47:00,922 - INFO - Predictions saved to results\best_model_results\20241212_184654\PCRPrediction.csv
2024-12-12 18:47:00,922 - INFO - Pipeline completed successfully!
